c:\users\tamas\documents\fakultet\semestar-4\oppisa\projekat\src\lexicalanalysis\debug\vc143.pdb
c:\users\tamas\documents\fakultet\semestar-4\oppisa\projekat\src\lexicalanalysis\debug\vc143.idb
c:\users\tamas\documents\fakultet\semestar-4\oppisa\projekat\src\lexicalanalysis\debug\main.obj
c:\users\tamas\documents\fakultet\semestar-4\oppisa\projekat\src\lexicalanalysis\debug\token.obj
c:\users\tamas\documents\fakultet\semestar-4\oppisa\projekat\src\lexicalanalysis\debug\lexicalanalysis.obj
c:\users\tamas\documents\fakultet\semestar-4\oppisa\projekat\src\lexicalanalysis\debug\finitestatemachine.obj
c:\users\tamas\documents\fakultet\semestar-4\oppisa\projekat\src\lexicalanalysis\debug\syntaxanalysis.obj
c:\users\tamas\documents\fakultet\semestar-4\oppisa\projekat\src\lexicalanalysis\debug\ir.obj
c:\users\tamas\documents\fakultet\semestar-4\oppisa\projekat\src\lexicalanalysis\debug\livenessanalysis.obj
c:\users\tamas\documents\fakultet\semestar-4\oppisa\projekat\src\debug\lexicalanalysis.exe
c:\users\tamas\documents\fakultet\semestar-4\oppisa\projekat\src\debug\lexicalanalysis.pdb
c:\users\tamas\documents\fakultet\semestar-4\oppisa\projekat\src\lexicalanalysis\debug\lexicalanalysis.ilk
c:\users\tamas\documents\fakultet\semestar-4\oppisa\projekat\src\lexicalanalysis\debug\lexicalanalysis.tlog\cl.command.1.tlog
c:\users\tamas\documents\fakultet\semestar-4\oppisa\projekat\src\lexicalanalysis\debug\lexicalanalysis.tlog\cl.items.tlog
c:\users\tamas\documents\fakultet\semestar-4\oppisa\projekat\src\lexicalanalysis\debug\lexicalanalysis.tlog\cl.read.1.tlog
c:\users\tamas\documents\fakultet\semestar-4\oppisa\projekat\src\lexicalanalysis\debug\lexicalanalysis.tlog\cl.write.1.tlog
c:\users\tamas\documents\fakultet\semestar-4\oppisa\projekat\src\lexicalanalysis\debug\lexicalanalysis.tlog\link.command.1.tlog
c:\users\tamas\documents\fakultet\semestar-4\oppisa\projekat\src\lexicalanalysis\debug\lexicalanalysis.tlog\link.read.1.tlog
c:\users\tamas\documents\fakultet\semestar-4\oppisa\projekat\src\lexicalanalysis\debug\lexicalanalysis.tlog\link.secondary.1.tlog
c:\users\tamas\documents\fakultet\semestar-4\oppisa\projekat\src\lexicalanalysis\debug\lexicalanalysis.tlog\link.write.1.tlog
